#
# A fatal error has been detected by the Java Runtime Environment:
#
#  EXCEPTION_ACCESS_VIOLATION (0xc0000005) at pc=0x00007ffcce0d05d0, pid=2040, tid=20356
#
# JRE version: Java(TM) SE Runtime Environment 18.9 (11.0.8+10) (build 11.0.8+10-LTS)
# Java VM: Java HotSpot(TM) 64-Bit Server VM 18.9 (11.0.8+10-LTS, mixed mode, tiered, compressed oops, parallel gc, windows-amd64)
# Problematic frame:
# V  [jvm.dll+0x8905d0]
#
# No core dump will be written. Minidumps are not enabled by default on client versions of Windows
#
# If you would like to submit a bug report, please visit:
#   https://bugreport.java.com/bugreport/crash.jsp
#

---------------  S U M M A R Y ------------

Command Line: --add-modules=ALL-SYSTEM --add-opens=java.base/java.util=ALL-UNNAMED --add-opens=java.base/java.lang=ALL-UNNAMED -Declipse.application=org.eclipse.jdt.ls.core.id1 -Dosgi.bundles.defaultStartLevel=4 -Declipse.product=org.eclipse.jdt.ls.core.product -Dfile.encoding=utf8 -DwatchParentProcess=false -XX:+UseParallelGC -XX:GCTimeRatio=4 -XX:AdaptiveSizePolicyWeight=90 -Dsun.zip.disableMemoryMapping=true -Xmx1G -Xms100m -Xverify:none c:\Users\LENOVO\.vscode\extensions\redhat.java-0.82.0\server\plugins\org.eclipse.equinox.launcher_1.6.300.v20210813-1054.jar -configuration c:\Users\LENOVO\AppData\Roaming\Code\User\globalStorage\redhat.java\0.82.0\config_win -data c:\Users\LENOVO\AppData\Roaming\Code\User\workspaceStorage\9551bb89c4907341161c8437401ea556\redhat.java\jdt_ws

Host: Intel(R) Core(TM) i7-8550U CPU @ 1.80GHz, 8 cores, 7G,  Windows 10 , 64 bit Build 19041 (10.0.19041.1202)
Time: Fri Oct  8 17:23:39 2021 Hora de verano romance elapsed time: 6954 seconds (0d 1h 55m 54s)

---------------  T H R E A D  ---------------

Current thread (0x00000278ff0ab000):  JavaThread "C2 CompilerThread0" daemon [_thread_in_native, id=20356, stack(0x0000009c34e00000,0x0000009c34f00000)]


Current CompileTask:
C2:6954315 16185 % !   4       org.eclipse.jdt.internal.core.util.HandleFactory::getPkgFragmentRoot @ 96 (167 bytes)

Stack: [0x0000009c34e00000,0x0000009c34f00000],  sp=0x0000009c34efb2a8,  free space=1004k
Native frames: (J=compiled Java code, j=interpreted, Vv=VM code, C=native code)
V  [jvm.dll+0x8905d0]


siginfo: EXCEPTION_ACCESS_VIOLATION (0xc0000005), data execution prevention violation at address 0x00007ffcce0d05d0


Register to memory mapping:

RIP=0x00007ffcce0d05d0 jvm.dll
RAX=0x0000027886b19c78 points into unknown readable memory: d0 05 0d ce fc 7f 00 00
RBX=0x0000000000000096 is an unknown value
RCX=0x0000027887df61e8 points into unknown readable memory: 78 9c b1 86 78 02 00 00
RDX=0x0000027886b19900 points into unknown readable memory: a0 44 05 ce fc 7f 00 00
RSP=0x0000009c34efb2a8 is pointing into the stack for thread: 0x00000278ff0ab000
RBP=0x0 is NULL
RSI=0x0000027887df61e8 points into unknown readable memory: 78 9c b1 86 78 02 00 00
RDI=0x000002788633e120 points into unknown readable memory: 10 a3 33 86 78 02 00 00
R8 =0x0000009c34efc380 is pointing into the stack for thread: 0x00000278ff0ab000
R9 =0x000002788248ddd8 points into unknown readable memory: e8 61 df 87 78 02 00 00
R10=0x0 is NULL
R11=0x0000000000000246 is an unknown value
R12=0x0000009c34efb390 is pointing into the stack for thread: 0x00000278ff0ab000
R13=0x0 is NULL
R14=0x00000278ff089b00 points into unknown readable memory: 56 61 6c 01 00 39 28 4c
R15=0x0000009c34efb3d8 is pointing into the stack for thread: 0x00000278ff0ab000


Registers:
RAX=0x0000027886b19c78, RBX=0x0000000000000096, RCX=0x0000027887df61e8, RDX=0x0000027886b19900
RSP=0x0000009c34efb2a8, RBP=0x0000000000000000, RSI=0x0000027887df61e8, RDI=0x000002788633e120
R8 =0x0000009c34efc380, R9 =0x000002788248ddd8, R10=0x0000000000000000, R11=0x0000000000000246
R12=0x0000009c34efb390, R13=0x0000000000000000, R14=0x00000278ff089b00, R15=0x0000009c34efb3d8
RIP=0x00007ffcce0d05d0, EFLAGS=0x0000000000010297

Top of Stack: (sp=0x0000009c34efb2a8)
0x0000009c34efb2a8:   00007ffccdd658b8 0000000000000096
0x0000009c34efb2b8:   00000278ff09db00 00000278956420f0
0x0000009c34efb2c8:   0000027895644c80 00000278ff089be8
0x0000009c34efb2d8:   0000000000000002 0000009c34efb3d8
0x0000009c34efb2e8:   0000009c34efb390 000002788633a310
0x0000009c34efb2f8:   00007ffccdd65801 0000000000000000
0x0000009c34efb308:   0000009c34efb450 0000009c34efc380
0x0000009c34efb318:   0000000000000002 00000278ff089b00
0x0000009c34efb328:   00007ffcce068088 00000278ff09db00
0x0000009c34efb338:   00000278ff089b00 000000000000002f
0x0000009c34efb348:   00007ffccdd63a8c 0000009c34efc380
0x0000009c34efb358:   0000009c000001f2 0000009c34efc380
0x0000009c34efb368:   0000027885eba9a0 0000027887d2ddd0
0x0000009c34efb378:   00007ffccdf4b34a 000002788436b7a8
0x0000009c34efb388:   0000027887d41438 00007ffcce0cb460
0x0000009c34efb398:   00000278ff09db00 0000027800000002 

Instructions: (pc=0x00007ffcce0d05d0)
0x00007ffcce0d05b0:   50 99 84 cd fc 7f 00 00 30 47 94 cd fc 7f 00 00
0x00007ffcce0d05c0:   10 47 94 cd fc 7f 00 00 88 99 16 ce fc 7f 00 00
0x00007ffcce0d05d0:   b0 33 8b cd fc 7f 00 00 30 32 8b cd fc 7f 00 00
0x00007ffcce0d05e0:   90 07 85 cd fc 7f 00 00 50 99 84 cd fc 7f 00 00 


Stack slot to memory mapping:
stack at sp + 0 slots: 0x00007ffccdd658b8 jvm.dll
stack at sp + 1 slots: 0x0000000000000096 is an unknown value
stack at sp + 2 slots: 0x00000278ff09db00 points into unknown readable memory: 06 00 00 00 00 00 00 00
stack at sp + 3 slots: 0x00000278956420f0 points into unknown readable memory: 00 00 00 00 00 00 00 00
stack at sp + 4 slots: 0x0000027895644c80 points into unknown readable memory: 00 00 00 00 00 00 00 00
stack at sp + 5 slots: 0x00000278ff089be8 points into unknown readable memory: 00 b0 0a ff 78 02 00 00
stack at sp + 6 slots: 0x0000000000000002 is an unknown value
stack at sp + 7 slots: 0x0000009c34efb3d8 is pointing into the stack for thread: 0x00000278ff0ab000


---------------  P R O C E S S  ---------------

Threads class SMR info:
_java_thread_list=0x00000278883b6e40, length=30, elements={
0x00000278e72ad800, 0x00000278ff08b800, 0x00000278ff095800, 0x0000027882194800,
0x00000278ff0aa800, 0x00000278ff0ab000, 0x00000278ff0ac800, 0x00000278ff0ba000,
0x00000278822e8000, 0x0000027882420000, 0x0000027884302800, 0x000002788384f000,
0x000002788396a800, 0x0000027883895800, 0x0000027884ba9800, 0x00000278838e9000,
0x000002788485b800, 0x0000027884859800, 0x0000027884858000, 0x0000027886890800,
0x0000027886892000, 0x0000027886896000, 0x0000027886897800, 0x0000027886894800,
0x0000027886898800, 0x0000027886895800, 0x0000027886891000, 0x0000027886893000,
0x0000027886899800, 0x000002788689c000
}

Java Threads: ( => current thread )
  0x00000278e72ad800 JavaThread "main" [_thread_blocked, id=21604, stack(0x0000009c34700000,0x0000009c34800000)]
  0x00000278ff08b800 JavaThread "Reference Handler" daemon [_thread_blocked, id=11384, stack(0x0000009c34a00000,0x0000009c34b00000)]
  0x00000278ff095800 JavaThread "Finalizer" daemon [_thread_blocked, id=19968, stack(0x0000009c34b00000,0x0000009c34c00000)]
  0x0000027882194800 JavaThread "Signal Dispatcher" daemon [_thread_blocked, id=15060, stack(0x0000009c34c00000,0x0000009c34d00000)]
  0x00000278ff0aa800 JavaThread "Attach Listener" daemon [_thread_blocked, id=12528, stack(0x0000009c34d00000,0x0000009c34e00000)]
=>0x00000278ff0ab000 JavaThread "C2 CompilerThread0" daemon [_thread_in_native, id=20356, stack(0x0000009c34e00000,0x0000009c34f00000)]
  0x00000278ff0ac800 JavaThread "C1 CompilerThread0" daemon [_thread_blocked, id=8360, stack(0x0000009c34f00000,0x0000009c35000000)]
  0x00000278ff0ba000 JavaThread "Sweeper thread" daemon [_thread_blocked, id=23700, stack(0x0000009c35000000,0x0000009c35100000)]
  0x00000278822e8000 JavaThread "Common-Cleaner" daemon [_thread_blocked, id=25200, stack(0x0000009c35100000,0x0000009c35200000)]
  0x0000027882420000 JavaThread "Service Thread" daemon [_thread_blocked, id=26940, stack(0x0000009c35200000,0x0000009c35300000)]
  0x0000027884302800 JavaThread "Active Thread: Equinox Container: 84e34aec-a594-4fa5-8f02-51c8fc015229" [_thread_blocked, id=21576, stack(0x0000009c35500000,0x0000009c35600000)]
  0x000002788384f000 JavaThread "Framework Event Dispatcher: Equinox Container: 84e34aec-a594-4fa5-8f02-51c8fc015229" daemon [_thread_blocked, id=24132, stack(0x0000009c35600000,0x0000009c35700000)]
  0x000002788396a800 JavaThread "Start Level: Equinox Container: 84e34aec-a594-4fa5-8f02-51c8fc015229" daemon [_thread_blocked, id=21488, stack(0x0000009c35700000,0x0000009c35800000)]
  0x0000027883895800 JavaThread "SCR Component Actor" daemon [_thread_blocked, id=5644, stack(0x0000009c35b00000,0x0000009c35c00000)]
  0x0000027884ba9800 JavaThread "Bundle File Closer" daemon [_thread_blocked, id=440, stack(0x0000009c35d00000,0x0000009c35e00000)]
  0x00000278838e9000 JavaThread "Worker-JM" [_thread_blocked, id=19372, stack(0x0000009c35e00000,0x0000009c35f00000)]
  0x000002788485b800 JavaThread "Java indexing" daemon [_thread_blocked, id=16720, stack(0x0000009c36500000,0x0000009c36600000)]
  0x0000027884859800 JavaThread "logback configurator timer" daemon [_thread_blocked, id=15388, stack(0x0000009c36800000,0x0000009c36900000)]
  0x0000027884858000 JavaThread "pool-2-thread-1" [_thread_in_native, id=10840, stack(0x0000009c36900000,0x0000009c36a00000)]
  0x0000027886890800 JavaThread "ForkJoinPool.commonPool-worker-9" daemon [_thread_blocked, id=22664, stack(0x0000009c34400000,0x0000009c34500000)]
  0x0000027886892000 JavaThread "Worker-14" [_thread_blocked, id=16024, stack(0x0000009c34600000,0x0000009c34700000)]
  0x0000027886896000 JavaThread "ForkJoinPool.commonPool-worker-15" daemon [_thread_blocked, id=2016, stack(0x0000009c35c00000,0x0000009c35d00000)]
  0x0000027886897800 JavaThread "ForkJoinPool.commonPool-worker-1" daemon [_thread_blocked, id=12124, stack(0x0000009c35f00000,0x0000009c36000000)]
  0x0000027886894800 JavaThread "ForkJoinPool.commonPool-worker-3" daemon [_thread_blocked, id=20708, stack(0x0000009c36300000,0x0000009c36400000)]
  0x0000027886898800 JavaThread "Worker-16" [_thread_blocked, id=22124, stack(0x0000009c36a00000,0x0000009c36b00000)]
  0x0000027886895800 JavaThread "ForkJoinPool.commonPool-worker-11" daemon [_thread_blocked, id=13784, stack(0x0000009c34500000,0x0000009c34600000)]
  0x0000027886891000 JavaThread "ForkJoinPool.commonPool-worker-13" daemon [_thread_blocked, id=12048, stack(0x0000009c35400000,0x0000009c35500000)]
  0x0000027886893000 JavaThread "ForkJoinPool.commonPool-worker-5" daemon [_thread_blocked, id=24600, stack(0x0000009c36200000,0x0000009c36300000)]
  0x0000027886899800 JavaThread "ForkJoinPool.commonPool-worker-7" daemon [_thread_blocked, id=19308, stack(0x0000009c36400000,0x0000009c36500000)]
  0x000002788689c000 JavaThread "ForkJoinPool.commonPool-worker-17" daemon [_thread_blocked, id=17368, stack(0x0000009c36c00000,0x0000009c36d00000)]

Other Threads:
  0x0000027882152000 VMThread "VM Thread" [stack: 0x0000009c34900000,0x0000009c34a00000] [id=16004]
  0x0000027882431000 WatcherThread [stack: 0x0000009c35300000,0x0000009c35400000] [id=21056]
  0x00000278e72c2800 GCTaskThread "ParGC Thread#0" [stack: 0x0000009c34800000,0x0000009c34900000] [id=20284]
  0x0000027884081800 GCTaskThread "ParGC Thread#1" [stack: 0x0000009c35800000,0x0000009c35900000] [id=23272]
  0x0000027884082800 GCTaskThread "ParGC Thread#2" [stack: 0x0000009c35900000,0x0000009c35a00000] [id=6496]
  0x00000278845df800 GCTaskThread "ParGC Thread#3" [stack: 0x0000009c35a00000,0x0000009c35b00000] [id=5620]
  0x000002788498e800 GCTaskThread "ParGC Thread#4" [stack: 0x0000009c36000000,0x0000009c36100000] [id=24232]
  0x000002788498f800 GCTaskThread "ParGC Thread#5" [stack: 0x0000009c36100000,0x0000009c36200000] [id=14188]
  0x000002788498d800 GCTaskThread "ParGC Thread#6" [stack: 0x0000009c36600000,0x0000009c36700000] [id=12884]
  0x0000027884991800 GCTaskThread "ParGC Thread#7" [stack: 0x0000009c36700000,0x0000009c36800000] [id=18656]

Threads with active compile tasks:
C2 CompilerThread06954383 16185 % !   4       org.eclipse.jdt.internal.core.util.HandleFactory::getPkgFragmentRoot @ 96 (167 bytes)

VM state:not at safepoint (normal execution)

VM Mutex/Monitor currently owned by a thread: None

Heap address: 0x00000000c0000000, size: 1024 MB, Compressed Oops mode: 32-bit
Narrow klass base: 0x0000000000000000, Narrow klass shift: 3
Compressed class space size: 1073741824 Address: 0x0000000100000000

Heap:
 PSYoungGen      total 25600K, used 6712K [0x00000000eab00000, 0x00000000ec800000, 0x0000000100000000)
  eden space 23552K, 21% used [0x00000000eab00000,0x00000000eaffe180,0x00000000ec200000)
  from space 2048K, 78% used [0x00000000ec300000,0x00000000ec490020,0x00000000ec500000)
  to   space 2560K, 0% used [0x00000000ec580000,0x00000000ec580000,0x00000000ec800000)
 ParOldGen       total 221696K, used 217969K [0x00000000c0000000, 0x00000000cd880000, 0x00000000eab00000)
  object space 221696K, 98% used [0x00000000c0000000,0x00000000cd4dc488,0x00000000cd880000)
 Metaspace       used 71605K, capacity 74813K, committed 75008K, reserved 1116160K
  class space    used 6561K, capacity 7672K, committed 7680K, reserved 1048576K

Card table byte_map: [0x00000278e6c70000,0x00000278e6e80000] _byte_map_base: 0x00000278e6670000

Marking Bits: (ParMarkBitMap*) 0x00007ffcce26e2a0
 Begin Bits: [0x0000027880000000, 0x0000027881000000)
 End Bits:   [0x0000027881000000, 0x0000027882000000)

Polling page: 0x00000278e5250000

Metaspace:

Usage:
  Non-class:     65.57 MB capacity,    63.52 MB ( 97%) used,     1.89 MB (  3%) free+waste,   162.81 KB ( <1%) overhead. 
      Class:      7.49 MB capacity,     6.41 MB ( 86%) used,     1.02 MB ( 14%) free+waste,    67.56 KB ( <1%) overhead. 
       Both:     73.06 MB capacity,    69.93 MB ( 96%) used,     2.91 MB (  4%) free+waste,   230.38 KB ( <1%) overhead. 

Virtual space:
  Non-class space:       66.00 MB reserved,      65.75 MB (>99%) committed 
      Class space:        1.00 GB reserved,       7.50 MB ( <1%) committed 
             Both:        1.06 GB reserved,      73.25 MB (  7%) committed 

Chunk freelists:
   Non-Class:  7.38 KB
       Class:  1.00 KB
        Both:  8.38 KB

CodeHeap 'non-profiled nmethods': size=120000Kb used=11603Kb max_used=11647Kb free=108396Kb
 bounds [0x00000278f7190000, 0x00000278f7d50000, 0x00000278fe6c0000]
CodeHeap 'profiled nmethods': size=120000Kb used=30031Kb max_used=30031Kb free=89968Kb
 bounds [0x00000278efc60000, 0x00000278f19f0000, 0x00000278f7190000]
CodeHeap 'non-nmethods': size=5760Kb used=1275Kb max_used=1422Kb free=4484Kb
 bounds [0x00000278ef6c0000, 0x00000278ef930000, 0x00000278efc60000]
 total_blobs=12956 nmethods=12290 adapters=575
 compilation: enabled
              stopped_count=0, restarted_count=0
 full_count=0

Compilation events (10 events):
Event: 6945.580 Thread 0x00000278ff0ab000 nmethod 16180 0x00000278f7bc3690 code [0x00000278f7bc3840, 0x00000278f7bc4058]
Event: 6947.281 Thread 0x00000278ff0ab000 16181       4       sun.util.locale.LocaleUtils::isAlphaNumericString (33 bytes)
Event: 6947.283 Thread 0x00000278ff0ab000 nmethod 16181 0x00000278f7bc1990 code [0x00000278f7bc1b20, 0x00000278f7bc1c78]
Event: 6947.283 Thread 0x00000278ff0ab000 16182       4       org.eclipse.jdt.internal.corext.dom.GenericVisitor::endVisit (6 bytes)
Event: 6947.284 Thread 0x00000278ff0ab000 nmethod 16182 0x00000278f7b96290 code [0x00000278f7b96420, 0x00000278f7b96478]
Event: 6953.513 Thread 0x00000278ff0ac800 16183   !   3       org.eclipse.lsp4j.jsonrpc.RemoteEndpoint::request (90 bytes)
Event: 6953.514 Thread 0x00000278ff0ac800 nmethod 16183 0x00000278f19de110 code [0x00000278f19de440, 0x00000278f19dfba0]
Event: 6953.515 Thread 0x00000278ff0ac800 16184       3       org.eclipse.lsp4j.jsonrpc.RemoteEndpoint::createRequestMessage (34 bytes)
Event: 6953.515 Thread 0x00000278ff0ac800 nmethod 16184 0x00000278f19e0510 code [0x00000278f19e0720, 0x00000278f19e0eb0]
Event: 6954.284 Thread 0x00000278ff0ab000 16185 % !   4       org.eclipse.jdt.internal.core.util.HandleFactory::getPkgFragmentRoot @ 96 (167 bytes)

GC Heap History (10 events):
Event: 6851.428 GC heap before
{Heap before GC invocations=697 (full 26):
 PSYoungGen      total 25088K, used 25088K [0x00000000eab00000, 0x00000000ec680000, 0x0000000100000000)
  eden space 24576K, 100% used [0x00000000eab00000,0x00000000ec300000,0x00000000ec300000)
  from space 512K, 100% used [0x00000000ec600000,0x00000000ec680000,0x00000000ec680000)
  to   space 1024K, 0% used [0x00000000ec480000,0x00000000ec480000,0x00000000ec580000)
 ParOldGen       total 221696K, used 214751K [0x00000000c0000000, 0x00000000cd880000, 0x00000000eab00000)
  object space 221696K, 96% used [0x00000000c0000000,0x00000000cd1b7cf8,0x00000000cd880000)
 Metaspace       used 71499K, capacity 74685K, committed 74752K, reserved 1116160K
  class space    used 6561K, capacity 7672K, committed 7680K, reserved 1048576K
}
Event: 6851.430 GC heap after
{Heap after GC invocations=697 (full 26):
 PSYoungGen      total 25600K, used 672K [0x00000000eab00000, 0x00000000ec680000, 0x0000000100000000)
  eden space 24576K, 0% used [0x00000000eab00000,0x00000000eab00000,0x00000000ec300000)
  from space 1024K, 65% used [0x00000000ec480000,0x00000000ec528000,0x00000000ec580000)
  to   space 1024K, 0% used [0x00000000ec580000,0x00000000ec580000,0x00000000ec680000)
 ParOldGen       total 221696K, used 214828K [0x00000000c0000000, 0x00000000cd880000, 0x00000000eab00000)
  object space 221696K, 96% used [0x00000000c0000000,0x00000000cd1cb3b8,0x00000000cd880000)
 Metaspace       used 71499K, capacity 74685K, committed 74752K, reserved 1116160K
  class space    used 6561K, capacity 7672K, committed 7680K, reserved 1048576K
}
Event: 6857.022 GC heap before
{Heap before GC invocations=698 (full 26):
 PSYoungGen      total 25600K, used 25248K [0x00000000eab00000, 0x00000000ec680000, 0x0000000100000000)
  eden space 24576K, 100% used [0x00000000eab00000,0x00000000ec300000,0x00000000ec300000)
  from space 1024K, 65% used [0x00000000ec480000,0x00000000ec528000,0x00000000ec580000)
  to   space 1024K, 0% used [0x00000000ec580000,0x00000000ec580000,0x00000000ec680000)
 ParOldGen       total 221696K, used 214828K [0x00000000c0000000, 0x00000000cd880000, 0x00000000eab00000)
  object space 221696K, 96% used [0x00000000c0000000,0x00000000cd1cb3b8,0x00000000cd880000)
 Metaspace       used 71521K, capacity 74685K, committed 74752K, reserved 1116160K
  class space    used 6561K, capacity 7672K, committed 7680K, reserved 1048576K
}
Event: 6857.024 GC heap after
{Heap after GC invocations=698 (full 26):
 PSYoungGen      total 24576K, used 1008K [0x00000000eab00000, 0x00000000eca00000, 0x0000000100000000)
  eden space 23552K, 0% used [0x00000000eab00000,0x00000000eab00000,0x00000000ec200000)
  from space 1024K, 98% used [0x00000000ec580000,0x00000000ec67c060,0x00000000ec680000)
  to   space 3584K, 0% used [0x00000000ec200000,0x00000000ec200000,0x00000000ec580000)
 ParOldGen       total 221696K, used 216620K [0x00000000c0000000, 0x00000000cd880000, 0x00000000eab00000)
  object space 221696K, 97% used [0x00000000c0000000,0x00000000cd38b3b8,0x00000000cd880000)
 Metaspace       used 71521K, capacity 74685K, committed 74752K, reserved 1116160K
  class space    used 6561K, capacity 7672K, committed 7680K, reserved 1048576K
}
Event: 6863.058 GC heap before
{Heap before GC invocations=699 (full 26):
 PSYoungGen      total 24576K, used 24560K [0x00000000eab00000, 0x00000000eca00000, 0x0000000100000000)
  eden space 23552K, 100% used [0x00000000eab00000,0x00000000ec200000,0x00000000ec200000)
  from space 1024K, 98% used [0x00000000ec580000,0x00000000ec67c060,0x00000000ec680000)
  to   space 3584K, 0% used [0x00000000ec200000,0x00000000ec200000,0x00000000ec580000)
 ParOldGen       total 221696K, used 216620K [0x00000000c0000000, 0x00000000cd880000, 0x00000000eab00000)
  object space 221696K, 97% used [0x00000000c0000000,0x00000000cd38b3b8,0x00000000cd880000)
 Metaspace       used 71533K, capacity 74749K, committed 75008K, reserved 1116160K
  class space    used 6561K, capacity 7672K, committed 7680K, reserved 1048576K
}
Event: 6863.060 GC heap after
{Heap after GC invocations=699 (full 26):
 PSYoungGen      total 27136K, used 3568K [0x00000000eab00000, 0x00000000ecd00000, 0x0000000100000000)
  eden space 23552K, 0% used [0x00000000eab00000,0x00000000eab00000,0x00000000ec200000)
  from space 3584K, 99% used [0x00000000ec200000,0x00000000ec57c060,0x00000000ec580000)
  to   space 5632K, 0% used [0x00000000ec780000,0x00000000ec780000,0x00000000ecd00000)
 ParOldGen       total 221696K, used 217921K [0x00000000c0000000, 0x00000000cd880000, 0x00000000eab00000)
  object space 221696K, 98% used [0x00000000c0000000,0x00000000cd4d0488,0x00000000cd880000)
 Metaspace       used 71533K, capacity 74749K, committed 75008K, reserved 1116160K
  class space    used 6561K, capacity 7672K, committed 7680K, reserved 1048576K
}
Event: 6929.602 GC heap before
{Heap before GC invocations=700 (full 26):
 PSYoungGen      total 27136K, used 27120K [0x00000000eab00000, 0x00000000ecd00000, 0x0000000100000000)
  eden space 23552K, 99% used [0x00000000eab00000,0x00000000ec1ffff8,0x00000000ec200000)
  from space 3584K, 99% used [0x00000000ec200000,0x00000000ec57c060,0x00000000ec580000)
  to   space 5632K, 0% used [0x00000000ec780000,0x00000000ec780000,0x00000000ecd00000)
 ParOldGen       total 221696K, used 217921K [0x00000000c0000000, 0x00000000cd880000, 0x00000000eab00000)
  object space 221696K, 98% used [0x00000000c0000000,0x00000000cd4d0488,0x00000000cd880000)
 Metaspace       used 71550K, capacity 74749K, committed 75008K, reserved 1116160K
  class space    used 6561K, capacity 7672K, committed 7680K, reserved 1048576K
}
Event: 6929.606 GC heap after
{Heap after GC invocations=700 (full 26):
 PSYoungGen      total 26112K, used 2496K [0x00000000eab00000, 0x00000000eca00000, 0x0000000100000000)
  eden space 23552K, 0% used [0x00000000eab00000,0x00000000eab00000,0x00000000ec200000)
  from space 2560K, 97% used [0x00000000ec780000,0x00000000ec9f0020,0x00000000eca00000)
  to   space 3584K, 0% used [0x00000000ec300000,0x00000000ec300000,0x00000000ec680000)
 ParOldGen       total 221696K, used 217961K [0x00000000c0000000, 0x00000000cd880000, 0x00000000eab00000)
  object space 221696K, 98% used [0x00000000c0000000,0x00000000cd4da488,0x00000000cd880000)
 Metaspace       used 71550K, capacity 74749K, committed 75008K, reserved 1116160K
  class space    used 6561K, capacity 7672K, committed 7680K, reserved 1048576K
}
Event: 6946.851 GC heap before
{Heap before GC invocations=701 (full 26):
 PSYoungGen      total 26112K, used 26048K [0x00000000eab00000, 0x00000000eca00000, 0x0000000100000000)
  eden space 23552K, 100% used [0x00000000eab00000,0x00000000ec200000,0x00000000ec200000)
  from space 2560K, 97% used [0x00000000ec780000,0x00000000ec9f0020,0x00000000eca00000)
  to   space 3584K, 0% used [0x00000000ec300000,0x00000000ec300000,0x00000000ec680000)
 ParOldGen       total 221696K, used 217961K [0x00000000c0000000, 0x00000000cd880000, 0x00000000eab00000)
  object space 221696K, 98% used [0x00000000c0000000,0x00000000cd4da488,0x00000000cd880000)
 Metaspace       used 71602K, capacity 74813K, committed 75008K, reserved 1116160K
  class space    used 6561K, capacity 7672K, committed 7680K, reserved 1048576K
}
Event: 6946.868 GC heap after
{Heap after GC invocations=701 (full 26):
 PSYoungGen      total 25600K, used 1600K [0x00000000eab00000, 0x00000000ec800000, 0x0000000100000000)
  eden space 23552K, 0% used [0x00000000eab00000,0x00000000eab00000,0x00000000ec200000)
  from space 2048K, 78% used [0x00000000ec300000,0x00000000ec490020,0x00000000ec500000)
  to   space 2560K, 0% used [0x00000000ec580000,0x00000000ec580000,0x00000000ec800000)
 ParOldGen       total 221696K, used 217969K [0x00000000c0000000, 0x00000000cd880000, 0x00000000eab00000)
  object space 221696K, 98% used [0x00000000c0000000,0x00000000cd4dc488,0x00000000cd880000)
 Metaspace       used 71602K, capacity 74813K, committed 75008K, reserved 1116160K
  class space    used 6561K, capacity 7672K, committed 7680K, reserved 1048576K
}

Deoptimization events (10 events):
Event: 6745.277 Thread 0x0000027886893000 Uncommon trap: reason=unstable_if action=reinterpret pc=0x00000278f7a540c8 method=java.util.Arrays.sort([Ljava/lang/Object;IILjava/util/Comparator;)V @ 1 c2
Event: 6745.281 Thread 0x0000027886893000 Uncommon trap: reason=unstable_if action=reinterpret pc=0x00000278f7d2e524 method=org.eclipse.jdt.internal.core.NameLookup.<init>(Lorg/eclipse/jdt/internal/core/JavaProject;[Lorg/eclipse/jdt/core/IPackageFragmentRoot;Lorg/eclipse/jdt/internal/core/util/Ha
Event: 6760.911 Thread 0x0000027886893000 Uncommon trap: reason=unstable_if action=reinterpret pc=0x00000278f75d6f4c method=org.eclipse.jdt.internal.core.NameLookup.findType(Ljava/lang/String;Lorg/eclipse/jdt/core/IPackageFragment;ZIZZ)Lorg/eclipse/jdt/core/IType; @ 42 c2
Event: 6760.911 Thread 0x0000027886893000 Uncommon trap: reason=unstable_if action=reinterpret pc=0x00000278f77e41fc method=org.eclipse.jdt.internal.core.NameLookup.findType(Ljava/lang/String;Ljava/lang/String;ZIZZZLorg/eclipse/core/runtime/IProgressMonitor;[Lorg/eclipse/jdt/core/IPackageFragment
Event: 6814.826 Thread 0x0000027886891000 Uncommon trap: reason=speculate_class_check action=maybe_recompile pc=0x00000278f79ffc74 method=org.eclipse.jdt.internal.corext.dom.SelectionAnalyzer.visitNode(Lorg/eclipse/jdt/core/dom/ASTNode;)Z @ 41 c2
Event: 6862.676 Thread 0x0000027886891000 Uncommon trap: reason=speculate_class_check action=maybe_recompile pc=0x00000278f79ffc74 method=org.eclipse.jdt.internal.corext.dom.SelectionAnalyzer.visitNode(Lorg/eclipse/jdt/core/dom/ASTNode;)Z @ 41 c2
Event: 6872.955 Thread 0x0000027886891000 Uncommon trap: reason=unstable_if action=reinterpret pc=0x00000278f75ab274 method=org.eclipse.jdt.core.Signature.checkArrayDimension([CII)I @ 8 c2
Event: 6872.955 Thread 0x0000027886891000 Uncommon trap: reason=unstable_if action=reinterpret pc=0x00000278f75aa6b0 method=org.eclipse.jdt.core.Signature.encodeQualifiedName([CIILjava/lang/StringBuffer;)I @ 16 c2
Event: 6929.196 Thread 0x0000027886896000 Uncommon trap: reason=unstable_if action=reinterpret pc=0x00000278f7aa8814 method=org.eclipse.jdt.internal.core.util.PublicScanner.internalScanIdentifierOrKeyword(II[C)I @ 3410 c2
Event: 6930.383 Thread 0x0000027886891000 Uncommon trap: reason=unstable_if action=reinterpret pc=0x00000278f758e640 method=org.eclipse.jdt.internal.core.NameLookup.acceptType(Lorg/eclipse/jdt/core/IType;IZ)Z @ 57 c2

Classes redefined (0 events):
No events

Internal exceptions (10 events):
Event: 6286.510 Thread 0x0000027886891000 Implicit null exception at 0x00000278f7b87f26 to 0x00000278f7b8abea
Event: 6287.221 Thread 0x0000027886891000 Implicit null exception at 0x00000278f79c1c1a to 0x00000278f79c1d5a
Event: 6287.983 Thread 0x0000027886891000 Exception <a 'java/lang/ClassCastException'{0x00000000ebe4fe88}: class org.eclipse.jdt.internal.compiler.lookup.ParameterizedTypeBinding cannot be cast to class org.eclipse.jdt.internal.compiler.lookup.SourceTypeBinding (org.eclipse.jdt.internal.compiler.
Event: 6287.986 Thread 0x0000027886891000 Exception <a 'java/lang/ClassCastException'{0x00000000ebe7ab88}: class org.eclipse.jdt.internal.compiler.lookup.ParameterizedTypeBinding cannot be cast to class org.eclipse.jdt.internal.compiler.lookup.SourceTypeBinding (org.eclipse.jdt.internal.compiler.
Event: 6287.986 Thread 0x0000027886891000 Implicit null exception at 0x00000278f79fbc40 to 0x00000278f79fca86
Event: 6287.993 Thread 0x0000027886891000 Exception <a 'java/lang/ClassCastException'{0x00000000ebf17870}: class org.eclipse.jdt.internal.compiler.lookup.ParameterizedTypeBinding cannot be cast to class org.eclipse.jdt.internal.compiler.lookup.SourceTypeBinding (org.eclipse.jdt.internal.compiler.
Event: 6287.996 Thread 0x0000027886891000 Exception <a 'java/lang/ClassCastException'{0x00000000ebf57870}: class org.eclipse.jdt.internal.compiler.lookup.ParameterizedTypeBinding cannot be cast to class org.eclipse.jdt.internal.compiler.lookup.SourceTypeBinding (org.eclipse.jdt.internal.compiler.
Event: 6288.001 Thread 0x0000027886891000 Exception <a 'java/lang/ClassCastException'{0x00000000ebff79b8}: class org.eclipse.jdt.internal.compiler.lookup.ParameterizedTypeBinding cannot be cast to class org.eclipse.jdt.internal.compiler.lookup.SourceTypeBinding (org.eclipse.jdt.internal.compiler.
Event: 6288.001 Thread 0x0000027886891000 Exception <a 'java/lang/ClassCastException'{0x00000000ebffa970}: class org.eclipse.jdt.internal.compiler.lookup.ParameterizedTypeBinding cannot be cast to class org.eclipse.jdt.internal.compiler.lookup.SourceTypeBinding (org.eclipse.jdt.internal.compiler.
Event: 6745.281 Thread 0x0000027886893000 Implicit null exception at 0x00000278f7d26208 to 0x00000278f7d2e512

Events (10 events):
Event: 6945.161 Executing VM operation: RevokeBias
Event: 6945.161 Executing VM operation: RevokeBias done
Event: 6946.504 Executing VM operation: RevokeBias
Event: 6946.504 Executing VM operation: RevokeBias done
Event: 6946.851 Executing VM operation: ParallelGCFailedAllocation
Event: 6946.869 Executing VM operation: ParallelGCFailedAllocation done
Event: 6954.283 Thread 0x0000027886893000 DEOPT PACKING pc=0x00000278f1949b9d sp=0x0000009c362fe520
Event: 6954.283 Thread 0x0000027886893000 DEOPT UNPACKING pc=0x00000278ef6e854e sp=0x0000009c362fda28 mode 0
Event: 6954.284 Thread 0x0000027886893000 DEOPT PACKING pc=0x00000278f189fb7d sp=0x0000009c362fe180
Event: 6954.284 Thread 0x0000027886893000 DEOPT UNPACKING pc=0x00000278ef6e854e sp=0x0000009c362fd6f8 mode 0


Dynamic libraries:
0x00007ff6ef270000 - 0x00007ff6ef27f000 	C:\Program Files\Java\jdk-11.0.8\bin\java.exe
0x00007ffd42030000 - 0x00007ffd42225000 	C:\WINDOWS\SYSTEM32\ntdll.dll
0x00007ffd2cdb0000 - 0x00007ffd2cdc5000 	C:\Program Files\AVAST Software\Avast\aswhook.dll
0x00007ffd41af0000 - 0x00007ffd41bae000 	C:\WINDOWS\System32\KERNEL32.DLL
0x00007ffd3fb20000 - 0x00007ffd3fde9000 	C:\WINDOWS\System32\KERNELBASE.dll
0x00007ffd3fed0000 - 0x00007ffd3ffd0000 	C:\WINDOWS\System32\ucrtbase.dll
0x00007ffd39bf0000 - 0x00007ffd39c05000 	C:\Program Files\Java\jdk-11.0.8\bin\VCRUNTIME140.dll
0x00007ffd3a050000 - 0x00007ffd3a068000 	C:\Program Files\Java\jdk-11.0.8\bin\jli.dll
0x00007ffd40bb0000 - 0x00007ffd40c5c000 	C:\WINDOWS\System32\ADVAPI32.dll
0x00007ffd41640000 - 0x00007ffd416de000 	C:\WINDOWS\System32\msvcrt.dll
0x00007ffd40220000 - 0x00007ffd402bb000 	C:\WINDOWS\System32\sechost.dll
0x00007ffd40c70000 - 0x00007ffd40d9a000 	C:\WINDOWS\System32\RPCRT4.dll
0x00007ffd41de0000 - 0x00007ffd41f81000 	C:\WINDOWS\System32\USER32.dll
0x00007ffd2e020000 - 0x00007ffd2e2ba000 	C:\WINDOWS\WinSxS\amd64_microsoft.windows.common-controls_6595b64144ccf1df_6.0.19041.1110_none_60b5254171f9507e\COMCTL32.dll
0x00007ffd3faf0000 - 0x00007ffd3fb12000 	C:\WINDOWS\System32\win32u.dll
0x00007ffd40370000 - 0x00007ffd4039b000 	C:\WINDOWS\System32\GDI32.dll
0x00007ffd3f9e0000 - 0x00007ffd3faeb000 	C:\WINDOWS\System32\gdi32full.dll
0x00007ffd3f7e0000 - 0x00007ffd3f87d000 	C:\WINDOWS\System32\msvcp_win.dll
0x00007ffd36830000 - 0x00007ffd3683a000 	C:\WINDOWS\SYSTEM32\VERSION.dll
0x00007ffd41c20000 - 0x00007ffd41c50000 	C:\WINDOWS\System32\IMM32.DLL
0x00007ffd0a5c0000 - 0x00007ffd0a65b000 	C:\Program Files\Java\jdk-11.0.8\bin\msvcp140.dll
0x00007ffccd840000 - 0x00007ffcce326000 	C:\Program Files\Java\jdk-11.0.8\bin\server\jvm.dll
0x00007ffd40210000 - 0x00007ffd40218000 	C:\WINDOWS\System32\PSAPI.DLL
0x00007ffd349e0000 - 0x00007ffd34a07000 	C:\WINDOWS\SYSTEM32\WINMM.dll
0x00007ffd2bca0000 - 0x00007ffd2bca9000 	C:\WINDOWS\SYSTEM32\WSOCK32.dll
0x00007ffd41bb0000 - 0x00007ffd41c1b000 	C:\WINDOWS\System32\WS2_32.dll
0x00007ffd3d650000 - 0x00007ffd3d662000 	C:\WINDOWS\SYSTEM32\kernel.appcore.dll
0x00007ffd3b370000 - 0x00007ffd3b380000 	C:\Program Files\Java\jdk-11.0.8\bin\verify.dll
0x00007ffd35510000 - 0x00007ffd356f4000 	C:\WINDOWS\SYSTEM32\DBGHELP.DLL
0x00007ffd357c0000 - 0x00007ffd357ec000 	C:\WINDOWS\SYSTEM32\dbgcore.DLL
0x00007ffd3fdf0000 - 0x00007ffd3fe73000 	C:\WINDOWS\System32\bcryptPrimitives.dll
0x00007ffd27730000 - 0x00007ffd27758000 	C:\Program Files\Java\jdk-11.0.8\bin\java.dll
0x00007ffd3b320000 - 0x00007ffd3b32a000 	C:\Program Files\Java\jdk-11.0.8\bin\jimage.dll
0x00007ffd39940000 - 0x00007ffd39956000 	C:\Program Files\Java\jdk-11.0.8\bin\zip.dll
0x00007ffd40470000 - 0x00007ffd40baf000 	C:\WINDOWS\System32\SHELL32.dll
0x00007ffd3d850000 - 0x00007ffd3dfe0000 	C:\WINDOWS\SYSTEM32\windows.storage.dll
0x00007ffd40da0000 - 0x00007ffd410f5000 	C:\WINDOWS\System32\combase.dll
0x00007ffd3f1a0000 - 0x00007ffd3f1cc000 	C:\WINDOWS\SYSTEM32\Wldp.dll
0x00007ffd402c0000 - 0x00007ffd4036e000 	C:\WINDOWS\System32\SHCORE.dll
0x00007ffd41910000 - 0x00007ffd41965000 	C:\WINDOWS\System32\shlwapi.dll
0x00007ffd3f690000 - 0x00007ffd3f6af000 	C:\WINDOWS\SYSTEM32\profapi.dll
0x00007ffd33e90000 - 0x00007ffd33ea9000 	C:\Program Files\Java\jdk-11.0.8\bin\net.dll
0x00007ffd38f00000 - 0x00007ffd39008000 	C:\WINDOWS\SYSTEM32\WINHTTP.dll
0x00007ffd3ef00000 - 0x00007ffd3ef6a000 	C:\WINDOWS\system32\mswsock.dll
0x00007ffd2adb0000 - 0x00007ffd2adc2000 	C:\Program Files\Java\jdk-11.0.8\bin\nio.dll
0x00007ffd3f100000 - 0x00007ffd3f118000 	C:\WINDOWS\SYSTEM32\CRYPTSP.dll
0x00007ffd3e810000 - 0x00007ffd3e844000 	C:\WINDOWS\system32\rsaenh.dll
0x00007ffd3f750000 - 0x00007ffd3f777000 	C:\WINDOWS\System32\bcrypt.dll
0x00007ffd3f650000 - 0x00007ffd3f67e000 	C:\WINDOWS\SYSTEM32\USERENV.dll
0x00007ffd3f0f0000 - 0x00007ffd3f0fc000 	C:\WINDOWS\SYSTEM32\CRYPTBASE.dll
0x00007ffd3eba0000 - 0x00007ffd3ebdb000 	C:\WINDOWS\SYSTEM32\IPHLPAPI.DLL
0x00007ffd40c60000 - 0x00007ffd40c68000 	C:\WINDOWS\System32\NSI.dll
0x00007ffd37600000 - 0x00007ffd37617000 	C:\WINDOWS\SYSTEM32\dhcpcsvc6.DLL
0x00007ffd388f0000 - 0x00007ffd3890d000 	C:\WINDOWS\SYSTEM32\dhcpcsvc.DLL
0x00007ffd3ebe0000 - 0x00007ffd3ecac000 	C:\WINDOWS\SYSTEM32\DNSAPI.dll
0x00007ffd1cc40000 - 0x00007ffd1cc7e000 	C:\Users\LENOVO\AppData\Roaming\Code\User\globalStorage\redhat.java\0.82.0\config_win\org.eclipse.equinox.launcher\org.eclipse.equinox.launcher.win32.win32.x86_64_1.2.300.v20210828-0802\eclipse_11506.dll
0x00007ffd41cb0000 - 0x00007ffd41dda000 	C:\WINDOWS\System32\ole32.dll
0x00007ffd27090000 - 0x00007ffd270a1000 	C:\Users\LENOVO\AppData\Roaming\Code\User\globalStorage\redhat.java\0.82.0\config_win\org.eclipse.osgi\22\0\.cp\jWinHttp-1.0.0.dll
0x00007ffd24d00000 - 0x00007ffd24d25000 	C:\Program Files\Java\jdk-11.0.8\bin\sunec.dll

dbghelp: loaded successfully - version: 4.0.5 - missing functions: none
symbol engine: initialized successfully - sym options: 0x614 - pdb path: .;C:\Program Files\Java\jdk-11.0.8\bin;C:\WINDOWS\SYSTEM32;C:\Program Files\AVAST Software\Avast;C:\WINDOWS\WinSxS\amd64_microsoft.windows.common-controls_6595b64144ccf1df_6.0.19041.1110_none_60b5254171f9507e;C:\Program Files\Java\jdk-11.0.8\bin\server;C:\Users\LENOVO\AppData\Roaming\Code\User\globalStorage\redhat.java\0.82.0\config_win\org.eclipse.equinox.launcher\org.eclipse.equinox.launcher.win32.win32.x86_64_1.2.300.v20210828-0802;C:\Users\LENOVO\AppData\Roaming\Code\User\globalStorage\redhat.java\0.82.0\config_win\org.eclipse.osgi\22\0\.cp

VM Arguments:
jvm_args: --add-modules=ALL-SYSTEM --add-opens=java.base/java.util=ALL-UNNAMED --add-opens=java.base/java.lang=ALL-UNNAMED -Declipse.application=org.eclipse.jdt.ls.core.id1 -Dosgi.bundles.defaultStartLevel=4 -Declipse.product=org.eclipse.jdt.ls.core.product -Dfile.encoding=utf8 -DwatchParentProcess=false -XX:+UseParallelGC -XX:GCTimeRatio=4 -XX:AdaptiveSizePolicyWeight=90 -Dsun.zip.disableMemoryMapping=true -Xmx1G -Xms100m -Xverify:none 
java_command: c:\Users\LENOVO\.vscode\extensions\redhat.java-0.82.0\server\plugins\org.eclipse.equinox.launcher_1.6.300.v20210813-1054.jar -configuration c:\Users\LENOVO\AppData\Roaming\Code\User\globalStorage\redhat.java\0.82.0\config_win -data c:\Users\LENOVO\AppData\Roaming\Code\User\workspaceStorage\9551bb89c4907341161c8437401ea556\redhat.java\jdt_ws
java_class_path (initial): c:\Users\LENOVO\.vscode\extensions\redhat.java-0.82.0\server\plugins\org.eclipse.equinox.launcher_1.6.300.v20210813-1054.jar
Launcher Type: SUN_STANDARD

[Global flags]
    uintx AdaptiveSizePolicyWeight                 = 90                                        {product} {command line}
     bool BytecodeVerificationLocal                = false                                     {product} {command line}
     bool BytecodeVerificationRemote               = false                                     {product} {command line}
     intx CICompilerCount                          = 4                                         {product} {ergonomic}
    uintx GCTimeRatio                              = 4                                         {product} {command line}
   size_t InitialHeapSize                          = 104857600                                 {product} {command line}
   size_t MaxHeapSize                              = 1073741824                                {product} {command line}
   size_t MaxNewSize                               = 357564416                                 {product} {ergonomic}
   size_t MinHeapDeltaBytes                        = 524288                                    {product} {ergonomic}
   size_t NewSize                                  = 34603008                                  {product} {ergonomic}
    uintx NonNMethodCodeHeapSize                   = 5836300                                {pd product} {ergonomic}
    uintx NonProfiledCodeHeapSize                  = 122910970                              {pd product} {ergonomic}
   size_t OldSize                                  = 70254592                                  {product} {ergonomic}
    uintx ProfiledCodeHeapSize                     = 122910970                              {pd product} {ergonomic}
    uintx ReservedCodeCacheSize                    = 251658240                              {pd product} {ergonomic}
     bool SegmentedCodeCache                       = true                                      {product} {ergonomic}
     bool UseCompressedClassPointers               = true                                 {lp64_product} {ergonomic}
     bool UseCompressedOops                        = true                                 {lp64_product} {ergonomic}
     bool UseLargePagesIndividualAllocation        = false                                  {pd product} {ergonomic}
     bool UseParallelGC                            = true                                      {product} {command line}

Logging:
Log output configuration:
 #0: stdout all=warning uptime,level,tags
 #1: stderr all=off uptime,level,tags

Environment Variables:
JAVA_HOME=C:\Program Files\Java\jdk-11.0.8
PATH=C:\Program Files (x86)\Common Files\Oracle\Java\javapath;C:\Program Files\Common Files\Oracle\Java\javapath;C:\Windows\System32;C:\Windows;C:\Windows\System32\wbem;C:\Windows\System32\WindowsPowerShell\v1.0\;C:\Windows\System32\OpenSSH\;C:\Program Files\Git\cmd;C:\Program Files\nodejs\;C:\Program Files (x86)\GnuPG\bin;C:\java1.8\bin;C:\java1.8\jre\bin;C:\Program Files\RedHat\java-11-openjdk-11.0.8-2\bin;C:\Program Files\RedHat\java-14-openjdk-14.0.2-1\bin;C:\Ruby26-x64\bin;C:\Users\LENOVO\AppData\Local\Programs\AdoptOpenJDK\bin;C:\Users\LENOVO\AppData\Local\Microsoft\WindowsApps;C:\Users\LENOVO\AppData\Local\GitHubDesktop\bin;C:\Users\LENOVO\AppData\Roaming\npm;C:\Users\LENOVO\AppData\Local\Microsoft\WindowsApps;C:\apache-maven-3.6.2\bin;C:\Users\LENOVO\AppData\Local\Programs\Microsoft VS Code\bin;
USERNAME=LENOVO
OS=Windows_NT
PROCESSOR_IDENTIFIER=Intel64 Family 6 Model 142 Stepping 10, GenuineIntel



---------------  S Y S T E M  ---------------

OS: Windows 10 , 64 bit Build 19041 (10.0.19041.1202)

CPU:total 8 (initial active 8) (4 cores per cpu, 2 threads per core) family 6 model 142 stepping 10, cmov, cx8, fxsr, mmx, sse, sse2, sse3, ssse3, sse4.1, sse4.2, popcnt, avx, avx2, aes, clmul, erms, 3dnowpref, lzcnt, ht, tsc, tscinvbit, bmi1, bmi2, adx, fma

Memory: 4k page, system-wide physical 8066M (1414M free)
TotalPageFile size 17794M (AvailPageFile size 5125M)
current process WorkingSet (physical memory assigned to process): 518M, peak: 578M
current process commit charge ("private bytes"): 543M, peak: 635M

vm_info: Java HotSpot(TM) 64-Bit Server VM (11.0.8+10-LTS) for windows-amd64 JRE (11.0.8+10-LTS), built on Jun 16 2020 05:53:08 by "mach5one" with unknown MS VC++:1916

END.
